<?xml version="1.0" encoding="UTF-8"?>
<robot generator="Robot 5.0.1 (Python 3.8.10 on linux)" generated="20220924 14:10:14.410" rpa="false" schemaversion="3">
<suite id="s1" name="Project2" source="/home/lim/RF/Projects/project2.robot">
<test id="s1-t1" name="Test case 1" line="116">
<kw name="Login To Deriv" library="login">
<kw name="Open Browser" library="SeleniumLibrary">
<arg>${app_deriv_com}</arg>
<arg>chrome</arg>
<doc>Opens a new browser instance to the optional ``url``.</doc>
<msg timestamp="20220924 14:10:14.559" level="INFO">Opening browser 'chrome' to base url 'https://app.deriv.com/'.</msg>
<status status="PASS" starttime="20220924 14:10:14.559" endtime="20220924 14:10:20.664"/>
</kw>
<kw name="Maximize Browser Window" library="SeleniumLibrary">
<doc>Maximizes current browser window.</doc>
<status status="PASS" starttime="20220924 14:10:20.664" endtime="20220924 14:10:20.782"/>
</kw>
<kw name="Set Selenium Speed" library="SeleniumLibrary">
<arg>1</arg>
<doc>Sets the delay that is waited after each Selenium command.</doc>
<status status="PASS" starttime="20220924 14:10:20.783" endtime="20220924 14:10:20.784"/>
</kw>
<kw name="Wait For Page To Complete Loading" library="login">
<kw name="Wait Until Page Does Not Contain Element" library="SeleniumLibrary">
<arg>${loading_interface}</arg>
<arg>50</arg>
<doc>Waits until the element ``locator`` disappears from the current page.</doc>
<status status="PASS" starttime="20220924 14:10:20.785" endtime="20220924 14:10:24.523"/>
</kw>
<status status="PASS" starttime="20220924 14:10:20.784" endtime="20220924 14:10:24.524"/>
</kw>
<kw name="Click Element" library="SeleniumLibrary">
<arg>${login_btn}</arg>
<doc>Click the element identified by ``locator``.</doc>
<msg timestamp="20220924 14:10:24.525" level="INFO">Clicking element 'dt_login_button'.</msg>
<status status="PASS" starttime="20220924 14:10:24.524" endtime="20220924 14:10:30.118"/>
</kw>
<kw name="Wait For Page To Complete Loading" library="login">
<kw name="Wait Until Page Does Not Contain Element" library="SeleniumLibrary">
<arg>${loading_interface}</arg>
<arg>50</arg>
<doc>Waits until the element ``locator`` disappears from the current page.</doc>
<status status="PASS" starttime="20220924 14:10:30.120" endtime="20220924 14:10:31.141"/>
</kw>
<status status="PASS" starttime="20220924 14:10:30.119" endtime="20220924 14:10:31.142"/>
</kw>
<kw name="Input Text" library="SeleniumLibrary">
<arg>${input_box_for_email}</arg>
<arg>${email}</arg>
<doc>Types the given ``text`` into the text field identified by ``locator``.</doc>
<msg timestamp="20220924 14:10:31.143" level="INFO">Typing text 'kai.ling+2@besquare.com.my' into text field '//input[@type='email']'.</msg>
<status status="PASS" starttime="20220924 14:10:31.142" endtime="20220924 14:10:34.323"/>
</kw>
<kw name="Input Text" library="SeleniumLibrary">
<arg>${input_box_for_password}</arg>
<arg>${password}</arg>
<doc>Types the given ``text`` into the text field identified by ``locator``.</doc>
<msg timestamp="20220924 14:10:34.325" level="INFO">Typing text 'abcD1234' into text field '//input[@type='password']'.</msg>
<status status="PASS" starttime="20220924 14:10:34.323" endtime="20220924 14:10:37.476"/>
</kw>
<kw name="Click Element" library="SeleniumLibrary">
<arg>${login_btn_submit_info}</arg>
<doc>Click the element identified by ``locator``.</doc>
<msg timestamp="20220924 14:10:37.477" level="INFO">Clicking element '//button[@type='submit' and text()="Log in"]'.</msg>
<status status="PASS" starttime="20220924 14:10:37.476" endtime="20220924 14:10:41.700"/>
</kw>
<kw name="Wait For Page To Complete Loading" library="login">
<kw name="Wait Until Page Does Not Contain Element" library="SeleniumLibrary">
<arg>${loading_interface}</arg>
<arg>50</arg>
<doc>Waits until the element ``locator`` disappears from the current page.</doc>
<status status="PASS" starttime="20220924 14:10:41.701" endtime="20220924 14:10:45.283"/>
</kw>
<status status="PASS" starttime="20220924 14:10:41.700" endtime="20220924 14:10:45.284"/>
</kw>
<status status="PASS" starttime="20220924 14:10:14.558" endtime="20220924 14:10:45.284"/>
</kw>
<kw name="Check Real Account" library="login">
<kw name="Click Element" library="SeleniumLibrary">
<arg>${acc_info_btn}</arg>
<doc>Click the element identified by ``locator``.</doc>
<msg timestamp="20220924 14:10:45.285" level="INFO">Clicking element 'dt_core_account-info_acc-info'.</msg>
<status status="PASS" starttime="20220924 14:10:45.284" endtime="20220924 14:10:47.450"/>
</kw>
<kw name="Wait Until Page Contains Element" library="SeleniumLibrary">
<arg>${real_acc_id}</arg>
<arg>10</arg>
<doc>Waits until the element ``locator`` appears on the current page.</doc>
<status status="PASS" starttime="20220924 14:10:47.450" endtime="20220924 14:10:48.481"/>
</kw>
<status status="PASS" starttime="20220924 14:10:45.284" endtime="20220924 14:10:48.481"/>
</kw>
<status status="PASS" starttime="20220924 14:10:14.557" endtime="20220924 14:10:48.482"/>
</test>
<test id="s1-t2" name="Test Case 2" line="120">
<kw name="Test Case 2">
<kw name="Click Element" library="SeleniumLibrary">
<arg>${acct_setting_icon}</arg>
<doc>Click the element identified by ``locator``.</doc>
<msg timestamp="20220924 14:10:48.484" level="INFO">Clicking element '//*[@class="account-settings-toggle"]'.</msg>
<status status="PASS" starttime="20220924 14:10:48.484" endtime="20220924 14:10:50.695"/>
</kw>
<kw name="Wait For Page To Complete Loading" library="login">
<kw name="Wait Until Page Does Not Contain Element" library="SeleniumLibrary">
<arg>${loading_interface}</arg>
<arg>50</arg>
<doc>Waits until the element ``locator`` disappears from the current page.</doc>
<status status="PASS" starttime="20220924 14:10:50.700" endtime="20220924 14:10:51.735"/>
</kw>
<status status="PASS" starttime="20220924 14:10:50.696" endtime="20220924 14:10:51.735"/>
</kw>
<kw name="Page Should Contain Element" library="SeleniumLibrary">
<arg>${personal_details_tab_active}</arg>
<doc>Verifies that element ``locator`` is found on the current page.</doc>
<msg timestamp="20220924 14:10:52.770" level="INFO">Current page contains element '//*[@id="dc_personal-details_link" and contains(@class,"--active")]'.</msg>
<status status="PASS" starttime="20220924 14:10:51.736" endtime="20220924 14:10:52.770"/>
</kw>
<kw name="Page Should Contain Element" library="SeleniumLibrary">
<arg>${personal_details_content}</arg>
<doc>Verifies that element ``locator`` is found on the current page.</doc>
<msg timestamp="20220924 14:10:53.789" level="INFO">Current page contains element '//*[@class="account-form account-form__personal-details"]'.</msg>
<status status="PASS" starttime="20220924 14:10:52.771" endtime="20220924 14:10:53.790"/>
</kw>
<status status="PASS" starttime="20220924 14:10:48.484" endtime="20220924 14:10:53.790"/>
</kw>
<status status="PASS" starttime="20220924 14:10:48.483" endtime="20220924 14:10:53.791"/>
</test>
<test id="s1-t3" name="Test Case 3" line="123">
<kw name="Test Case 3">
<kw name="Click Element" library="SeleniumLibrary">
<arg>${closs_acc_tab}</arg>
<doc>Click the element identified by ``locator``.</doc>
<msg timestamp="20220924 14:10:53.795" level="INFO">Clicking element '//*[@id="/account/closing-account"]'.</msg>
<status status="PASS" starttime="20220924 14:10:53.794" endtime="20220924 14:10:55.921"/>
</kw>
<kw name="Wait For Page To Complete Loading" library="login">
<kw name="Wait Until Page Does Not Contain Element" library="SeleniumLibrary">
<arg>${loading_interface}</arg>
<arg>50</arg>
<doc>Waits until the element ``locator`` disappears from the current page.</doc>
<status status="PASS" starttime="20220924 14:10:55.921" endtime="20220924 14:10:56.930"/>
</kw>
<status status="PASS" starttime="20220924 14:10:55.921" endtime="20220924 14:10:56.931"/>
</kw>
<kw name="Page Should Contain Element" library="SeleniumLibrary">
<arg>${closs_acc_tab_content}</arg>
<doc>Verifies that element ``locator`` is found on the current page.</doc>
<msg timestamp="20220924 14:10:57.964" level="INFO">Current page contains element '//*[@class="closing-account"]'.</msg>
<status status="PASS" starttime="20220924 14:10:56.931" endtime="20220924 14:10:57.964"/>
</kw>
<status status="PASS" starttime="20220924 14:10:53.794" endtime="20220924 14:10:57.965"/>
</kw>
<status status="PASS" starttime="20220924 14:10:53.792" endtime="20220924 14:10:57.965"/>
</test>
<test id="s1-t4" name="Test Case 4" line="126">
<kw name="Test Case 4">
<kw name="Click Element" library="SeleniumLibrary">
<arg>${link}</arg>
<doc>Click the element identified by ``locator``.</doc>
<msg timestamp="20220924 14:10:57.970" level="INFO">Clicking element '//*[text()="Security and privacy policy"]'.</msg>
<status status="PASS" starttime="20220924 14:10:57.970" endtime="20220924 14:11:00.061"/>
</kw>
<kw name="Get Window Handles" library="SeleniumLibrary">
<var>${windowhandles}</var>
<doc>Returns all child window handles of the selected browser as a list.</doc>
<msg timestamp="20220924 14:11:01.067" level="INFO">${windowhandles} = ['CDwindow-65C8C175C3EE010BC3760D5D0190F663', 'CDwindow-7EF11E7E690004EEB5E6A5DE8FA88AFD']</msg>
<status status="PASS" starttime="20220924 14:11:00.061" endtime="20220924 14:11:01.068"/>
</kw>
<kw name="Switch Window" library="SeleniumLibrary">
<arg>${windowhandles}[1]</arg>
<doc>Switches to browser window matching ``locator``.</doc>
<status status="PASS" starttime="20220924 14:11:01.068" endtime="20220924 14:11:10.284"/>
</kw>
<kw name="Get Location" library="SeleniumLibrary">
<var>${current_url}</var>
<doc>Returns the current browser window URL.</doc>
<msg timestamp="20220924 14:11:11.312" level="INFO">${current_url} = https://deriv.com/tnc/security-and-privacy.pdf</msg>
<status status="PASS" starttime="20220924 14:11:10.285" endtime="20220924 14:11:11.313"/>
</kw>
<kw name="Should Be Equal As Strings" library="BuiltIn">
<arg>${current_url}</arg>
<arg>${pdf_url}</arg>
<doc>Fails if objects are unequal after converting them to strings.</doc>
<status status="PASS" starttime="20220924 14:11:11.313" endtime="20220924 14:11:11.314"/>
</kw>
<kw name="Close Window" library="SeleniumLibrary">
<doc>Closes currently opened and selected browser window/tab.</doc>
<status status="PASS" starttime="20220924 14:11:11.315" endtime="20220924 14:11:12.345"/>
</kw>
<kw name="Switch Window" library="SeleniumLibrary">
<arg>${windowhandles}[0]</arg>
<doc>Switches to browser window matching ``locator``.</doc>
<status status="PASS" starttime="20220924 14:11:12.346" endtime="20220924 14:11:14.379"/>
</kw>
<status status="PASS" starttime="20220924 14:10:57.969" endtime="20220924 14:11:14.379"/>
</kw>
<status status="PASS" starttime="20220924 14:10:57.967" endtime="20220924 14:11:14.380"/>
</test>
<test id="s1-t5" name="Test Case 5" line="128">
<kw name="Test Case 5">
<kw name="Click Element" library="SeleniumLibrary">
<arg>${cancel_btn}</arg>
<doc>Click the element identified by ``locator``.</doc>
<msg timestamp="20220924 14:11:14.384" level="INFO">Clicking element '//*[text()="Cancel"]//parent::button'.</msg>
<status status="PASS" starttime="20220924 14:11:14.383" endtime="20220924 14:11:16.652"/>
</kw>
<kw name="Wait For Page To Complete Loading" library="login">
<kw name="Wait Until Page Does Not Contain Element" library="SeleniumLibrary">
<arg>${loading_interface}</arg>
<arg>50</arg>
<doc>Waits until the element ``locator`` disappears from the current page.</doc>
<status status="PASS" starttime="20220924 14:11:16.653" endtime="20220924 14:11:17.681"/>
</kw>
<status status="PASS" starttime="20220924 14:11:16.652" endtime="20220924 14:11:17.682"/>
</kw>
<kw name="Get Location" library="SeleniumLibrary">
<var>${current_url}</var>
<doc>Returns the current browser window URL.</doc>
<msg timestamp="20220924 14:11:18.875" level="INFO">${current_url} = https://app.deriv.com/</msg>
<status status="PASS" starttime="20220924 14:11:17.682" endtime="20220924 14:11:18.875"/>
</kw>
<kw name="Should Be Equal As Strings" library="BuiltIn">
<arg>${current_url}</arg>
<arg>${app_deriv_com}</arg>
<doc>Fails if objects are unequal after converting them to strings.</doc>
<status status="PASS" starttime="20220924 14:11:18.875" endtime="20220924 14:11:18.876"/>
</kw>
<kw name="Test Case 2">
<kw name="Click Element" library="SeleniumLibrary">
<arg>${acct_setting_icon}</arg>
<doc>Click the element identified by ``locator``.</doc>
<msg timestamp="20220924 14:11:18.876" level="INFO">Clicking element '//*[@class="account-settings-toggle"]'.</msg>
<status status="PASS" starttime="20220924 14:11:18.876" endtime="20220924 14:11:21.041"/>
</kw>
<kw name="Wait For Page To Complete Loading" library="login">
<kw name="Wait Until Page Does Not Contain Element" library="SeleniumLibrary">
<arg>${loading_interface}</arg>
<arg>50</arg>
<doc>Waits until the element ``locator`` disappears from the current page.</doc>
<status status="PASS" starttime="20220924 14:11:21.043" endtime="20220924 14:11:22.069"/>
</kw>
<status status="PASS" starttime="20220924 14:11:21.042" endtime="20220924 14:11:22.070"/>
</kw>
<kw name="Page Should Contain Element" library="SeleniumLibrary">
<arg>${personal_details_tab_active}</arg>
<doc>Verifies that element ``locator`` is found on the current page.</doc>
<msg timestamp="20220924 14:11:23.085" level="INFO">Current page contains element '//*[@id="dc_personal-details_link" and contains(@class,"--active")]'.</msg>
<status status="PASS" starttime="20220924 14:11:22.070" endtime="20220924 14:11:23.085"/>
</kw>
<kw name="Page Should Contain Element" library="SeleniumLibrary">
<arg>${personal_details_content}</arg>
<doc>Verifies that element ``locator`` is found on the current page.</doc>
<msg timestamp="20220924 14:11:24.107" level="INFO">Current page contains element '//*[@class="account-form account-form__personal-details"]'.</msg>
<status status="PASS" starttime="20220924 14:11:23.086" endtime="20220924 14:11:24.107"/>
</kw>
<status status="PASS" starttime="20220924 14:11:18.876" endtime="20220924 14:11:24.108"/>
</kw>
<kw name="Test Case 3">
<kw name="Click Element" library="SeleniumLibrary">
<arg>${closs_acc_tab}</arg>
<doc>Click the element identified by ``locator``.</doc>
<msg timestamp="20220924 14:11:24.110" level="INFO">Clicking element '//*[@id="/account/closing-account"]'.</msg>
<status status="PASS" starttime="20220924 14:11:24.109" endtime="20220924 14:11:26.216"/>
</kw>
<kw name="Wait For Page To Complete Loading" library="login">
<kw name="Wait Until Page Does Not Contain Element" library="SeleniumLibrary">
<arg>${loading_interface}</arg>
<arg>50</arg>
<doc>Waits until the element ``locator`` disappears from the current page.</doc>
<status status="PASS" starttime="20220924 14:11:26.217" endtime="20220924 14:11:27.243"/>
</kw>
<status status="PASS" starttime="20220924 14:11:26.216" endtime="20220924 14:11:27.243"/>
</kw>
<kw name="Page Should Contain Element" library="SeleniumLibrary">
<arg>${closs_acc_tab_content}</arg>
<doc>Verifies that element ``locator`` is found on the current page.</doc>
<msg timestamp="20220924 14:11:28.258" level="INFO">Current page contains element '//*[@class="closing-account"]'.</msg>
<status status="PASS" starttime="20220924 14:11:27.244" endtime="20220924 14:11:28.259"/>
</kw>
<status status="PASS" starttime="20220924 14:11:24.108" endtime="20220924 14:11:28.259"/>
</kw>
<status status="PASS" starttime="20220924 14:11:14.382" endtime="20220924 14:11:28.260"/>
</kw>
<status status="PASS" starttime="20220924 14:11:14.381" endtime="20220924 14:11:28.260"/>
</test>
<test id="s1-t6" name="Test Case 6" line="130">
<kw name="Test Case 6">
<kw name="Click Element" library="SeleniumLibrary">
<arg>${close_my_account_btn}</arg>
<doc>Click the element identified by ``locator``.</doc>
<msg timestamp="20220924 14:11:28.264" level="INFO">Clicking element '//*[text()="Close my account"]//parent::button'.</msg>
<status status="PASS" starttime="20220924 14:11:28.264" endtime="20220924 14:11:30.355"/>
</kw>
<kw name="Wait For Page To Complete Loading" library="login">
<kw name="Wait Until Page Does Not Contain Element" library="SeleniumLibrary">
<arg>${loading_interface}</arg>
<arg>50</arg>
<doc>Waits until the element ``locator`` disappears from the current page.</doc>
<status status="PASS" starttime="20220924 14:11:30.356" endtime="20220924 14:11:31.379"/>
</kw>
<status status="PASS" starttime="20220924 14:11:30.355" endtime="20220924 14:11:31.379"/>
</kw>
<kw name="Page Should Contain Element" library="SeleniumLibrary">
<arg>${closing_acc_reason_list}</arg>
<doc>Verifies that element ``locator`` is found on the current page.</doc>
<msg timestamp="20220924 14:11:32.399" level="INFO">Current page contains element '//*[@class="closing-account-reasons"]'.</msg>
<status status="PASS" starttime="20220924 14:11:31.380" endtime="20220924 14:11:32.399"/>
</kw>
<status status="PASS" starttime="20220924 14:11:28.263" endtime="20220924 14:11:32.400"/>
</kw>
<status status="PASS" starttime="20220924 14:11:28.262" endtime="20220924 14:11:32.400"/>
</test>
<test id="s1-t7" name="Test Case 7" line="132">
<kw name="Test Case 7">
<kw name="Click Element" library="SeleniumLibrary">
<arg>${back_btn}</arg>
<doc>Click the element identified by ``locator``.</doc>
<msg timestamp="20220924 14:11:32.404" level="INFO">Clicking element '//*[text()="Back"]//parent::button'.</msg>
<status status="PASS" starttime="20220924 14:11:32.404" endtime="20220924 14:11:34.491"/>
</kw>
<kw name="Wait For Page To Complete Loading" library="login">
<kw name="Wait Until Page Does Not Contain Element" library="SeleniumLibrary">
<arg>${loading_interface}</arg>
<arg>50</arg>
<doc>Waits until the element ``locator`` disappears from the current page.</doc>
<status status="PASS" starttime="20220924 14:11:34.492" endtime="20220924 14:11:35.510"/>
</kw>
<status status="PASS" starttime="20220924 14:11:34.491" endtime="20220924 14:11:35.511"/>
</kw>
<kw name="Page Should Contain Element" library="SeleniumLibrary">
<arg>${closs_acc_tab_content}</arg>
<doc>Verifies that element ``locator`` is found on the current page.</doc>
<msg timestamp="20220924 14:11:36.532" level="INFO">Current page contains element '//*[@class="closing-account"]'.</msg>
<status status="PASS" starttime="20220924 14:11:35.511" endtime="20220924 14:11:36.532"/>
</kw>
<status status="PASS" starttime="20220924 14:11:32.403" endtime="20220924 14:11:36.533"/>
</kw>
<status status="PASS" starttime="20220924 14:11:32.402" endtime="20220924 14:11:36.533"/>
</test>
<test id="s1-t8" name="Test Case 8" line="134">
<kw name="Test Case 8">
<kw name="Click Element" library="SeleniumLibrary">
<arg>${close_my_account_btn}</arg>
<doc>Click the element identified by ``locator``.</doc>
<msg timestamp="20220924 14:11:36.538" level="INFO">Clicking element '//*[text()="Close my account"]//parent::button'.</msg>
<status status="PASS" starttime="20220924 14:11:36.537" endtime="20220924 14:11:38.618"/>
</kw>
<kw name="Wait For Page To Complete Loading" library="login">
<kw name="Wait Until Page Does Not Contain Element" library="SeleniumLibrary">
<arg>${loading_interface}</arg>
<arg>50</arg>
<doc>Waits until the element ``locator`` disappears from the current page.</doc>
<status status="PASS" starttime="20220924 14:11:38.619" endtime="20220924 14:11:39.645"/>
</kw>
<status status="PASS" starttime="20220924 14:11:38.618" endtime="20220924 14:11:39.646"/>
</kw>
<kw name="Is Any Box Checked">
<var>${is_any_box_checked}</var>
<kw name="Run Keyword And Return Status" library="BuiltIn">
<var>${is_any_box_checked}</var>
<arg>Page Should Contain Element</arg>
<arg>${checked_box}</arg>
<doc>Runs the given keyword with given arguments and returns the status as a Boolean value.</doc>
<kw name="Page Should Contain Element" library="SeleniumLibrary">
<arg>${checked_box}</arg>
<doc>Verifies that element ``locator`` is found on the current page.</doc>
<msg timestamp="20220924 14:11:42.885" level="INFO" html="true">&lt;/td&gt;&lt;/tr&gt;&lt;tr&gt;&lt;td colspan="3"&gt;&lt;a href="selenium-screenshot-16.png"&gt;&lt;img src="selenium-screenshot-16.png" width="800px"&gt;&lt;/a&gt;</msg>
<msg timestamp="20220924 14:11:42.887" level="FAIL">Page should have contained element '//*[@class="dc-checkbox closing-account-reasons__checkbox"]//child::span[contains(@class,"--active")]' but did not.</msg>
<status status="FAIL" starttime="20220924 14:11:39.648" endtime="20220924 14:11:42.890"/>
</kw>
<msg timestamp="20220924 14:11:42.891" level="INFO">${is_any_box_checked} = False</msg>
<status status="PASS" starttime="20220924 14:11:39.647" endtime="20220924 14:11:42.891"/>
</kw>
<return>
<value>${is_any_box_checked}</value>
<status status="PASS" starttime="20220924 14:11:42.891" endtime="20220924 14:11:42.891"/>
</return>
<msg timestamp="20220924 14:11:42.892" level="INFO">${is_any_box_checked} = False</msg>
<status status="PASS" starttime="20220924 14:11:39.646" endtime="20220924 14:11:42.893"/>
</kw>
<if>
<branch type="IF" condition="${is_any_box_checked} is False">
<kw name="Page Should Contain Element" library="SeleniumLibrary">
<arg>${Continue_btn_disabled}</arg>
<doc>Verifies that element ``locator`` is found on the current page.</doc>
<msg timestamp="20220924 14:11:43.916" level="INFO">Current page contains element '//button[@disabled]/span[text()="Continue"]'.</msg>
<status status="PASS" starttime="20220924 14:11:42.894" endtime="20220924 14:11:43.917"/>
</kw>
<status status="PASS" starttime="20220924 14:11:42.893" endtime="20220924 14:11:43.917"/>
</branch>
<status status="PASS" starttime="20220924 14:11:42.893" endtime="20220924 14:11:43.917"/>
</if>
<status status="PASS" starttime="20220924 14:11:36.536" endtime="20220924 14:11:43.917"/>
</kw>
<status status="PASS" starttime="20220924 14:11:36.535" endtime="20220924 14:11:43.918"/>
</test>
<test id="s1-t9" name="Test Case 9" line="136">
<kw name="Test Case 9">
<kw name="Is Any Box Checked">
<var>${is_any_box_checked}</var>
<kw name="Run Keyword And Return Status" library="BuiltIn">
<var>${is_any_box_checked}</var>
<arg>Page Should Contain Element</arg>
<arg>${checked_box}</arg>
<doc>Runs the given keyword with given arguments and returns the status as a Boolean value.</doc>
<kw name="Page Should Contain Element" library="SeleniumLibrary">
<arg>${checked_box}</arg>
<doc>Verifies that element ``locator`` is found on the current page.</doc>
<msg timestamp="20220924 14:11:47.176" level="INFO" html="true">&lt;/td&gt;&lt;/tr&gt;&lt;tr&gt;&lt;td colspan="3"&gt;&lt;a href="selenium-screenshot-17.png"&gt;&lt;img src="selenium-screenshot-17.png" width="800px"&gt;&lt;/a&gt;</msg>
<msg timestamp="20220924 14:11:47.178" level="FAIL">Page should have contained element '//*[@class="dc-checkbox closing-account-reasons__checkbox"]//child::span[contains(@class,"--active")]' but did not.</msg>
<status status="FAIL" starttime="20220924 14:11:43.924" endtime="20220924 14:11:47.178"/>
</kw>
<msg timestamp="20220924 14:11:47.178" level="INFO">${is_any_box_checked} = False</msg>
<status status="PASS" starttime="20220924 14:11:43.923" endtime="20220924 14:11:47.178"/>
</kw>
<return>
<value>${is_any_box_checked}</value>
<status status="PASS" starttime="20220924 14:11:47.179" endtime="20220924 14:11:47.179"/>
</return>
<msg timestamp="20220924 14:11:47.179" level="INFO">${is_any_box_checked} = False</msg>
<status status="PASS" starttime="20220924 14:11:43.922" endtime="20220924 14:11:47.179"/>
</kw>
<kw name="Click Element" library="SeleniumLibrary">
<arg>${reason_1}</arg>
<doc>Click the element identified by ``locator``.</doc>
<msg timestamp="20220924 14:11:47.179" level="INFO">Clicking element '//*[text()="I have other financial priorities."]//parent::label'.</msg>
<status status="PASS" starttime="20220924 14:11:47.179" endtime="20220924 14:11:49.320"/>
</kw>
<kw name="Click Element" library="SeleniumLibrary">
<arg>${reason_2}</arg>
<doc>Click the element identified by ``locator``.</doc>
<msg timestamp="20220924 14:11:49.321" level="INFO">Clicking element '//*[text()="I want to stop myself from trading."]//parent::label'.</msg>
<status status="PASS" starttime="20220924 14:11:49.320" endtime="20220924 14:11:51.458"/>
</kw>
<if>
<branch type="IF" condition="${is_any_box_checked} is True">
<kw name="Page Should Not Contain Element" library="SeleniumLibrary">
<arg>${Continue_btn_disabled}</arg>
<doc>Verifies that element ``locator`` is not found on the current page.</doc>
<status status="NOT RUN" starttime="20220924 14:11:51.459" endtime="20220924 14:11:51.459"/>
</kw>
<status status="NOT RUN" starttime="20220924 14:11:51.459" endtime="20220924 14:11:51.459"/>
</branch>
<status status="PASS" starttime="20220924 14:11:51.458" endtime="20220924 14:11:51.460"/>
</if>
<status status="PASS" starttime="20220924 14:11:43.921" endtime="20220924 14:11:51.460"/>
</kw>
<status status="PASS" starttime="20220924 14:11:43.920" endtime="20220924 14:11:51.461"/>
</test>
<test id="s1-t10" name="Test Case 10" line="138">
<kw name="Test Case 10">
<kw name="Click Element" library="SeleniumLibrary">
<arg>${continue_btn}</arg>
<doc>Click the element identified by ``locator``.</doc>
<msg timestamp="20220924 14:11:51.463" level="INFO">Clicking element '//*[text()="Continue"]//parent::button'.</msg>
<status status="PASS" starttime="20220924 14:11:51.463" endtime="20220924 14:11:53.573"/>
</kw>
<kw name="Wait For Page To Complete Loading" library="login">
<kw name="Wait Until Page Does Not Contain Element" library="SeleniumLibrary">
<arg>${loading_interface}</arg>
<arg>50</arg>
<doc>Waits until the element ``locator`` disappears from the current page.</doc>
<status status="PASS" starttime="20220924 14:11:53.575" endtime="20220924 14:11:54.599"/>
</kw>
<status status="PASS" starttime="20220924 14:11:53.574" endtime="20220924 14:11:54.600"/>
</kw>
<kw name="Page Should Contain Element" library="SeleniumLibrary">
<arg>${close_acc_confirmation_popup}</arg>
<doc>Verifies that element ``locator`` is found on the current page.</doc>
<msg timestamp="20220924 14:11:55.618" level="INFO">Current page contains element '//*[@class="account-closure-warning-modal"]'.</msg>
<status status="PASS" starttime="20220924 14:11:54.600" endtime="20220924 14:11:55.619"/>
</kw>
<status status="PASS" starttime="20220924 14:11:51.463" endtime="20220924 14:11:55.619"/>
</kw>
<status status="PASS" starttime="20220924 14:11:51.462" endtime="20220924 14:11:55.620"/>
</test>
<test id="s1-t11" name="Test Case 11" line="140">
<kw name="Test Case 11">
<kw name="Click Element" library="SeleniumLibrary">
<arg>${go_back_btn}</arg>
<doc>Click the element identified by ``locator``.</doc>
<msg timestamp="20220924 14:11:55.624" level="INFO">Clicking element '//*[text()="Go Back"]//parent::button'.</msg>
<status status="PASS" starttime="20220924 14:11:55.624" endtime="20220924 14:11:57.740"/>
</kw>
<kw name="Wait For Page To Complete Loading" library="login">
<kw name="Wait Until Page Does Not Contain Element" library="SeleniumLibrary">
<arg>${loading_interface}</arg>
<arg>50</arg>
<doc>Waits until the element ``locator`` disappears from the current page.</doc>
<status status="PASS" starttime="20220924 14:11:57.742" endtime="20220924 14:11:58.757"/>
</kw>
<status status="PASS" starttime="20220924 14:11:57.741" endtime="20220924 14:11:58.757"/>
</kw>
<kw name="Page Should Contain Element" library="SeleniumLibrary">
<arg>${closing_acc_reason_list}</arg>
<doc>Verifies that element ``locator`` is found on the current page.</doc>
<msg timestamp="20220924 14:11:59.771" level="INFO">Current page contains element '//*[@class="closing-account-reasons"]'.</msg>
<status status="PASS" starttime="20220924 14:11:58.757" endtime="20220924 14:11:59.772"/>
</kw>
<status status="PASS" starttime="20220924 14:11:55.623" endtime="20220924 14:11:59.772"/>
</kw>
<status status="PASS" starttime="20220924 14:11:55.621" endtime="20220924 14:11:59.773"/>
</test>
<test id="s1-t12" name="Test Case 12" line="142">
<kw name="Test Case 12">
<kw name="Click Element" library="SeleniumLibrary">
<arg>${continue_btn}</arg>
<doc>Click the element identified by ``locator``.</doc>
<msg timestamp="20220924 14:11:59.777" level="INFO">Clicking element '//*[text()="Continue"]//parent::button'.</msg>
<status status="PASS" starttime="20220924 14:11:59.777" endtime="20220924 14:12:01.919"/>
</kw>
<kw name="Wait For Page To Complete Loading" library="login">
<kw name="Wait Until Page Does Not Contain Element" library="SeleniumLibrary">
<arg>${loading_interface}</arg>
<arg>50</arg>
<doc>Waits until the element ``locator`` disappears from the current page.</doc>
<status status="PASS" starttime="20220924 14:12:01.920" endtime="20220924 14:12:02.931"/>
</kw>
<status status="PASS" starttime="20220924 14:12:01.920" endtime="20220924 14:12:02.933"/>
</kw>
<kw name="Click Element" library="SeleniumLibrary">
<arg>${close_acc_btn}</arg>
<doc>Click the element identified by ``locator``.</doc>
<msg timestamp="20220924 14:12:02.934" level="INFO">Clicking element '//*[text()="Close account"]//parent::button'.</msg>
<status status="PASS" starttime="20220924 14:12:02.933" endtime="20220924 14:12:05.011"/>
</kw>
<kw name="Login To Deriv" library="login">
<kw name="Open Browser" library="SeleniumLibrary">
<arg>${app_deriv_com}</arg>
<arg>chrome</arg>
<doc>Opens a new browser instance to the optional ``url``.</doc>
<msg timestamp="20220924 14:12:05.012" level="INFO">Opening browser 'chrome' to base url 'https://app.deriv.com/'.</msg>
<status status="PASS" starttime="20220924 14:12:05.012" endtime="20220924 14:12:11.315"/>
</kw>
<kw name="Maximize Browser Window" library="SeleniumLibrary">
<doc>Maximizes current browser window.</doc>
<status status="PASS" starttime="20220924 14:12:11.316" endtime="20220924 14:12:12.427"/>
</kw>
<kw name="Set Selenium Speed" library="SeleniumLibrary">
<arg>1</arg>
<doc>Sets the delay that is waited after each Selenium command.</doc>
<status status="PASS" starttime="20220924 14:12:12.427" endtime="20220924 14:12:12.428"/>
</kw>
<kw name="Wait For Page To Complete Loading" library="login">
<kw name="Wait Until Page Does Not Contain Element" library="SeleniumLibrary">
<arg>${loading_interface}</arg>
<arg>50</arg>
<doc>Waits until the element ``locator`` disappears from the current page.</doc>
<status status="PASS" starttime="20220924 14:12:12.428" endtime="20220924 14:12:14.659"/>
</kw>
<status status="PASS" starttime="20220924 14:12:12.428" endtime="20220924 14:12:14.660"/>
</kw>
<kw name="Click Element" library="SeleniumLibrary">
<arg>${login_btn}</arg>
<doc>Click the element identified by ``locator``.</doc>
<msg timestamp="20220924 14:12:14.662" level="INFO">Clicking element 'dt_login_button'.</msg>
<status status="PASS" starttime="20220924 14:12:14.661" endtime="20220924 14:12:19.069"/>
</kw>
<kw name="Wait For Page To Complete Loading" library="login">
<kw name="Wait Until Page Does Not Contain Element" library="SeleniumLibrary">
<arg>${loading_interface}</arg>
<arg>50</arg>
<doc>Waits until the element ``locator`` disappears from the current page.</doc>
<status status="PASS" starttime="20220924 14:12:19.070" endtime="20220924 14:12:20.083"/>
</kw>
<status status="PASS" starttime="20220924 14:12:19.069" endtime="20220924 14:12:20.084"/>
</kw>
<kw name="Input Text" library="SeleniumLibrary">
<arg>${input_box_for_email}</arg>
<arg>${email}</arg>
<doc>Types the given ``text`` into the text field identified by ``locator``.</doc>
<msg timestamp="20220924 14:12:20.085" level="INFO">Typing text 'kai.ling+2@besquare.com.my' into text field '//input[@type='email']'.</msg>
<status status="PASS" starttime="20220924 14:12:20.084" endtime="20220924 14:12:23.276"/>
</kw>
<kw name="Input Text" library="SeleniumLibrary">
<arg>${input_box_for_password}</arg>
<arg>${password}</arg>
<doc>Types the given ``text`` into the text field identified by ``locator``.</doc>
<msg timestamp="20220924 14:12:23.277" level="INFO">Typing text 'abcD1234' into text field '//input[@type='password']'.</msg>
<status status="PASS" starttime="20220924 14:12:23.276" endtime="20220924 14:12:26.443"/>
</kw>
<kw name="Click Element" library="SeleniumLibrary">
<arg>${login_btn_submit_info}</arg>
<doc>Click the element identified by ``locator``.</doc>
<msg timestamp="20220924 14:12:26.444" level="INFO">Clicking element '//button[@type='submit' and text()="Log in"]'.</msg>
<status status="PASS" starttime="20220924 14:12:26.443" endtime="20220924 14:12:29.125"/>
</kw>
<kw name="Wait For Page To Complete Loading" library="login">
<kw name="Wait Until Page Does Not Contain Element" library="SeleniumLibrary">
<arg>${loading_interface}</arg>
<arg>50</arg>
<doc>Waits until the element ``locator`` disappears from the current page.</doc>
<status status="PASS" starttime="20220924 14:12:29.125" endtime="20220924 14:12:30.137"/>
</kw>
<status status="PASS" starttime="20220924 14:12:29.125" endtime="20220924 14:12:30.137"/>
</kw>
<status status="PASS" starttime="20220924 14:12:05.012" endtime="20220924 14:12:30.137"/>
</kw>
<kw name="Wait For Page To Complete Loading" library="login">
<kw name="Wait Until Page Does Not Contain Element" library="SeleniumLibrary">
<arg>${loading_interface}</arg>
<arg>50</arg>
<doc>Waits until the element ``locator`` disappears from the current page.</doc>
<status status="PASS" starttime="20220924 14:12:30.138" endtime="20220924 14:12:31.146"/>
</kw>
<status status="PASS" starttime="20220924 14:12:30.137" endtime="20220924 14:12:31.146"/>
</kw>
<kw name="Page Should Contain Element" library="SeleniumLibrary">
<arg>${reactivate_page}</arg>
<doc>Verifies that element ``locator`` is found on the current page.</doc>
<msg timestamp="20220924 14:12:32.165" level="INFO">Current page contains element '//*[@class="reactivate-account"]'.</msg>
<status status="PASS" starttime="20220924 14:12:31.146" endtime="20220924 14:12:32.166"/>
</kw>
<status status="PASS" starttime="20220924 14:11:59.776" endtime="20220924 14:12:32.166"/>
</kw>
<status status="PASS" starttime="20220924 14:11:59.775" endtime="20220924 14:12:32.166"/>
</test>
<status status="PASS" starttime="20220924 14:10:14.410" endtime="20220924 14:12:32.168"/>
</suite>
<statistics>
<total>
<stat pass="12" fail="0" skip="0">All Tests</stat>
</total>
<tag>
</tag>
<suite>
<stat pass="12" fail="0" skip="0" id="s1" name="Project2">Project2</stat>
</suite>
</statistics>
<errors>
</errors>
</robot>
